<?xml version="1.0" encoding="UTF-8"?>
<testsuite name="com.showmetheroute.persistence.integration.TrackRepositoryFindByWayPointIdIntegrationTests" tests="1" failures="0" errors="0" timestamp="2014-05-08T08:00:37" hostname="ubuntu" time="0.71">
  <properties/>
  <testcase name="thatWayPointIsInsertedIntoRepoWorks" classname="com.showmetheroute.persistence.integration.TrackRepositoryFindByWayPointIdIntegrationTests" time="0.71"/>
  <system-out><![CDATA[10:00:37.431 [Test worker] DEBUG o.s.t.c.j.SpringJUnit4ClassRunner - SpringJUnit4ClassRunner constructor called with [class com.showmetheroute.persistence.integration.TrackRepositoryFindByWayPointIdIntegrationTests].
10:00:37.435 [Test worker] DEBUG o.s.t.c.s.AbstractDelegatingSmartContextLoader - Delegating to AnnotationConfigContextLoader to process context configuration [ContextConfigurationAttributes@683ca3a4 declaringClass = 'com.showmetheroute.persistence.integration.TrackRepositoryFindByWayPointIdIntegrationTests', locations = '{}', classes = '{class com.showmetheroute.config.MongoConfiguration}', inheritLocations = true, initializers = '{}', inheritInitializers = true, name = [null], contextLoaderClass = 'org.springframework.test.context.ContextLoader'].
10:00:37.436 [Test worker] DEBUG o.s.test.context.ContextLoaderUtils - Could not find an 'annotation declaring class' for annotation type [org.springframework.test.context.ActiveProfiles] and class [com.showmetheroute.persistence.integration.TrackRepositoryFindByWayPointIdIntegrationTests]
10:00:37.439 [Test worker] DEBUG o.s.test.context.TestContextManager - @TestExecutionListeners is not present for class [class com.showmetheroute.persistence.integration.TrackRepositoryFindByWayPointIdIntegrationTests]: using defaults.
10:00:37.442 [Test worker] DEBUG o.s.t.annotation.ProfileValueUtils - Retrieved @ProfileValueSourceConfiguration [null] for test class [com.showmetheroute.persistence.integration.TrackRepositoryFindByWayPointIdIntegrationTests]
10:00:37.443 [Test worker] DEBUG o.s.t.annotation.ProfileValueUtils - Retrieved ProfileValueSource type [class org.springframework.test.annotation.SystemProfileValueSource] for class [com.showmetheroute.persistence.integration.TrackRepositoryFindByWayPointIdIntegrationTests]
10:00:37.445 [Test worker] DEBUG o.s.t.annotation.ProfileValueUtils - Retrieved @ProfileValueSourceConfiguration [null] for test class [com.showmetheroute.persistence.integration.TrackRepositoryFindByWayPointIdIntegrationTests]
10:00:37.446 [Test worker] DEBUG o.s.t.annotation.ProfileValueUtils - Retrieved ProfileValueSource type [class org.springframework.test.annotation.SystemProfileValueSource] for class [com.showmetheroute.persistence.integration.TrackRepositoryFindByWayPointIdIntegrationTests]
10:00:37.448 [Test worker] DEBUG o.s.t.annotation.ProfileValueUtils - Retrieved @ProfileValueSourceConfiguration [null] for test class [com.showmetheroute.persistence.integration.TrackRepositoryFindByWayPointIdIntegrationTests]
10:00:37.449 [Test worker] DEBUG o.s.t.annotation.ProfileValueUtils - Retrieved ProfileValueSource type [class org.springframework.test.annotation.SystemProfileValueSource] for class [com.showmetheroute.persistence.integration.TrackRepositoryFindByWayPointIdIntegrationTests]
10:00:37.451 [Test worker] DEBUG o.s.t.annotation.ProfileValueUtils - Retrieved @ProfileValueSourceConfiguration [null] for test class [com.showmetheroute.persistence.integration.TrackRepositoryFindByWayPointIdIntegrationTests]
10:00:37.452 [Test worker] DEBUG o.s.t.annotation.ProfileValueUtils - Retrieved ProfileValueSource type [class org.springframework.test.annotation.SystemProfileValueSource] for class [com.showmetheroute.persistence.integration.TrackRepositoryFindByWayPointIdIntegrationTests]
10:00:37.459 [Test worker] DEBUG o.s.t.c.s.DependencyInjectionTestExecutionListener - Performing dependency injection for test context [[DefaultTestContext@651b9972 testClass = TrackRepositoryFindByWayPointIdIntegrationTests, testInstance = com.showmetheroute.persistence.integration.TrackRepositoryFindByWayPointIdIntegrationTests@76f73f39, testMethod = [null], testException = [null], mergedContextConfiguration = [MergedContextConfiguration@6257f433 testClass = TrackRepositoryFindByWayPointIdIntegrationTests, locations = '{}', classes = '{class com.showmetheroute.config.MongoConfiguration}', contextInitializerClasses = '[]', activeProfiles = '{}', contextLoader = 'org.springframework.test.context.support.DelegatingSmartContextLoader', parent = [null]]]].
10:00:37.460 [Test worker] DEBUG o.s.t.c.CacheAwareContextLoaderDelegate - Retrieved ApplicationContext from cache with key [[MergedContextConfiguration@6257f433 testClass = TrackRepositoryFindByWayPointIdIntegrationTests, locations = '{}', classes = '{class com.showmetheroute.config.MongoConfiguration}', contextInitializerClasses = '[]', activeProfiles = '{}', contextLoader = 'org.springframework.test.context.support.DelegatingSmartContextLoader', parent = [null]]].
10:00:37.469 [Test worker] DEBUG o.s.b.f.annotation.InjectionMetadata - Processing injected method of bean 'com.showmetheroute.persistence.integration.TrackRepositoryFindByWayPointIdIntegrationTests': AutowiredFieldElement for com.showmetheroute.persistence.repository.TrackRepository com.showmetheroute.persistence.integration.TrackRepositoryFindByWayPointIdIntegrationTests.trackRepository
10:00:37.470 [Test worker] DEBUG o.s.b.f.s.DefaultListableBeanFactory - Returning cached instance of singleton bean 'trackRepository'
10:00:37.472 [Test worker] DEBUG o.s.b.f.a.AutowiredAnnotationBeanPostProcessor - Autowiring by type from bean name 'com.showmetheroute.persistence.integration.TrackRepositoryFindByWayPointIdIntegrationTests' to bean named 'trackRepository'
10:00:37.473 [Test worker] DEBUG o.s.b.f.annotation.InjectionMetadata - Processing injected method of bean 'com.showmetheroute.persistence.integration.TrackRepositoryFindByWayPointIdIntegrationTests': AutowiredFieldElement for org.springframework.data.mongodb.core.MongoOperations com.showmetheroute.persistence.integration.TrackRepositoryFindByWayPointIdIntegrationTests.mongo
10:00:37.473 [Test worker] DEBUG o.s.b.f.s.DefaultListableBeanFactory - Returning cached instance of singleton bean 'mongoTemplate'
10:00:37.474 [Test worker] DEBUG o.s.b.f.a.AutowiredAnnotationBeanPostProcessor - Autowiring by type from bean name 'com.showmetheroute.persistence.integration.TrackRepositoryFindByWayPointIdIntegrationTests' to bean named 'mongoTemplate'
10:00:37.475 [Test worker] DEBUG o.s.data.mongodb.core.MongoDbUtils - Getting Mongo Database name=[showmetheroute]
10:00:37.476 [Test worker] DEBUG o.s.data.mongodb.core.MongoTemplate - Dropped collection [showmetheroute.track]
10:00:37.479 [Test worker] DEBUG o.s.data.mongodb.core.MongoTemplate - Saving DBObject containing fields: [_class, _id, wayPoints]
10:00:37.479 [Test worker] DEBUG o.s.data.mongodb.core.MongoDbUtils - Getting Mongo Database name=[showmetheroute]
10:00:37.482 [Test worker] DEBUG o.s.data.mongodb.core.MongoTemplate - Saving DBObject containing fields: [_class, _id, wayPoints]
10:00:37.482 [Test worker] DEBUG o.s.data.mongodb.core.MongoDbUtils - Getting Mongo Database name=[showmetheroute]
10:00:37.485 [Test worker] DEBUG o.s.data.mongodb.core.MongoTemplate - Saving DBObject containing fields: [_class, _id, wayPoints]
10:00:37.485 [Test worker] DEBUG o.s.data.mongodb.core.MongoDbUtils - Getting Mongo Database name=[showmetheroute]
10:00:37.956 [Test worker] DEBUG o.s.d.m.r.query.MongoQueryCreator - Created query Query: { "wayPoints._id" : { "$in" : [ "Nantes"]}}, Fields: null, Sort: null
10:00:38.028 [Test worker] DEBUG o.s.data.mongodb.core.MongoTemplate - find using query: { "wayPoints._id" : { "$in" : [ "Nantes"]}} fields: null for class: class com.showmetheroute.persistence.domain.Track in collection: track
10:00:38.030 [Test worker] DEBUG o.s.data.mongodb.core.MongoDbUtils - Getting Mongo Database name=[showmetheroute]
10:00:38.148 [Test worker] DEBUG o.s.d.m.r.query.MongoQueryCreator - Created query Query: { "wayPoints._id" : { "$in" : [ "Special waypoint"]}}, Fields: null, Sort: null
10:00:38.153 [Test worker] DEBUG o.s.data.mongodb.core.MongoTemplate - find using query: { "wayPoints._id" : { "$in" : [ "Special waypoint"]}} fields: null for class: class com.showmetheroute.persistence.domain.Track in collection: track
10:00:38.154 [Test worker] DEBUG o.s.data.mongodb.core.MongoDbUtils - Getting Mongo Database name=[showmetheroute]
10:00:38.160 [Test worker] DEBUG o.s.data.mongodb.core.MongoDbUtils - Getting Mongo Database name=[showmetheroute]
10:00:38.165 [Test worker] DEBUG o.s.data.mongodb.core.MongoTemplate - Dropped collection [showmetheroute.track]
10:00:38.167 [Test worker] DEBUG o.s.t.c.s.DirtiesContextTestExecutionListener - After test method: context [DefaultTestContext@651b9972 testClass = TrackRepositoryFindByWayPointIdIntegrationTests, testInstance = com.showmetheroute.persistence.integration.TrackRepositoryFindByWayPointIdIntegrationTests@76f73f39, testMethod = thatWayPointIsInsertedIntoRepoWorks@TrackRepositoryFindByWayPointIdIntegrationTests, testException = [null], mergedContextConfiguration = [MergedContextConfiguration@6257f433 testClass = TrackRepositoryFindByWayPointIdIntegrationTests, locations = '{}', classes = '{class com.showmetheroute.config.MongoConfiguration}', contextInitializerClasses = '[]', activeProfiles = '{}', contextLoader = 'org.springframework.test.context.support.DelegatingSmartContextLoader', parent = [null]]], class dirties context [false], class mode [null], method dirties context [false].
10:00:38.170 [Test worker] DEBUG o.s.t.c.s.DirtiesContextTestExecutionListener - After test class: context [DefaultTestContext@651b9972 testClass = TrackRepositoryFindByWayPointIdIntegrationTests, testInstance = [null], testMethod = [null], testException = [null], mergedContextConfiguration = [MergedContextConfiguration@6257f433 testClass = TrackRepositoryFindByWayPointIdIntegrationTests, locations = '{}', classes = '{class com.showmetheroute.config.MongoConfiguration}', contextInitializerClasses = '[]', activeProfiles = '{}', contextLoader = 'org.springframework.test.context.support.DelegatingSmartContextLoader', parent = [null]]], dirtiesContext [false].
]]></system-out>
  <system-err><![CDATA[]]></system-err>
</testsuite>
