<?xml version="1.0" encoding="UTF-8"?>
<testsuite name="com.showmetheroute.persistence.integration.TrackRepositoryAnalyseWayPointsIntegrationTests" tests="1" failures="0" errors="0" timestamp="2014-05-08T08:00:38" hostname="ubuntu" time="3.431">
  <properties/>
  <testcase name="thatWayPointsAnalysisWorks" classname="com.showmetheroute.persistence.integration.TrackRepositoryAnalyseWayPointsIntegrationTests" time="3.431"/>
  <system-out><![CDATA[10:00:38.198 [Test worker] DEBUG o.s.t.c.j.SpringJUnit4ClassRunner - SpringJUnit4ClassRunner constructor called with [class com.showmetheroute.persistence.integration.TrackRepositoryAnalyseWayPointsIntegrationTests].
10:00:38.203 [Test worker] DEBUG o.s.t.c.s.AbstractDelegatingSmartContextLoader - Delegating to AnnotationConfigContextLoader to process context configuration [ContextConfigurationAttributes@46612f2d declaringClass = 'com.showmetheroute.persistence.integration.TrackRepositoryAnalyseWayPointsIntegrationTests', locations = '{}', classes = '{class com.showmetheroute.config.MongoConfiguration}', inheritLocations = true, initializers = '{}', inheritInitializers = true, name = [null], contextLoaderClass = 'org.springframework.test.context.ContextLoader'].
10:00:38.204 [Test worker] DEBUG o.s.test.context.ContextLoaderUtils - Could not find an 'annotation declaring class' for annotation type [org.springframework.test.context.ActiveProfiles] and class [com.showmetheroute.persistence.integration.TrackRepositoryAnalyseWayPointsIntegrationTests]
10:00:38.205 [Test worker] DEBUG o.s.test.context.TestContextManager - @TestExecutionListeners is not present for class [class com.showmetheroute.persistence.integration.TrackRepositoryAnalyseWayPointsIntegrationTests]: using defaults.
10:00:38.206 [Test worker] DEBUG o.s.t.annotation.ProfileValueUtils - Retrieved @ProfileValueSourceConfiguration [null] for test class [com.showmetheroute.persistence.integration.TrackRepositoryAnalyseWayPointsIntegrationTests]
10:00:38.206 [Test worker] DEBUG o.s.t.annotation.ProfileValueUtils - Retrieved ProfileValueSource type [class org.springframework.test.annotation.SystemProfileValueSource] for class [com.showmetheroute.persistence.integration.TrackRepositoryAnalyseWayPointsIntegrationTests]
10:00:38.207 [Test worker] DEBUG o.s.t.annotation.ProfileValueUtils - Retrieved @ProfileValueSourceConfiguration [null] for test class [com.showmetheroute.persistence.integration.TrackRepositoryAnalyseWayPointsIntegrationTests]
10:00:38.207 [Test worker] DEBUG o.s.t.annotation.ProfileValueUtils - Retrieved ProfileValueSource type [class org.springframework.test.annotation.SystemProfileValueSource] for class [com.showmetheroute.persistence.integration.TrackRepositoryAnalyseWayPointsIntegrationTests]
10:00:38.208 [Test worker] DEBUG o.s.t.annotation.ProfileValueUtils - Retrieved @ProfileValueSourceConfiguration [null] for test class [com.showmetheroute.persistence.integration.TrackRepositoryAnalyseWayPointsIntegrationTests]
10:00:38.208 [Test worker] DEBUG o.s.t.annotation.ProfileValueUtils - Retrieved ProfileValueSource type [class org.springframework.test.annotation.SystemProfileValueSource] for class [com.showmetheroute.persistence.integration.TrackRepositoryAnalyseWayPointsIntegrationTests]
10:00:38.209 [Test worker] DEBUG o.s.t.annotation.ProfileValueUtils - Retrieved @ProfileValueSourceConfiguration [null] for test class [com.showmetheroute.persistence.integration.TrackRepositoryAnalyseWayPointsIntegrationTests]
10:00:38.210 [Test worker] DEBUG o.s.t.annotation.ProfileValueUtils - Retrieved ProfileValueSource type [class org.springframework.test.annotation.SystemProfileValueSource] for class [com.showmetheroute.persistence.integration.TrackRepositoryAnalyseWayPointsIntegrationTests]
10:00:38.212 [Test worker] DEBUG o.s.t.c.s.DependencyInjectionTestExecutionListener - Performing dependency injection for test context [[DefaultTestContext@16605774 testClass = TrackRepositoryAnalyseWayPointsIntegrationTests, testInstance = com.showmetheroute.persistence.integration.TrackRepositoryAnalyseWayPointsIntegrationTests@f0d8c26, testMethod = [null], testException = [null], mergedContextConfiguration = [MergedContextConfiguration@426c1a82 testClass = TrackRepositoryAnalyseWayPointsIntegrationTests, locations = '{}', classes = '{class com.showmetheroute.config.MongoConfiguration}', contextInitializerClasses = '[]', activeProfiles = '{}', contextLoader = 'org.springframework.test.context.support.DelegatingSmartContextLoader', parent = [null]]]].
10:00:38.213 [Test worker] DEBUG o.s.t.c.CacheAwareContextLoaderDelegate - Retrieved ApplicationContext from cache with key [[MergedContextConfiguration@426c1a82 testClass = TrackRepositoryAnalyseWayPointsIntegrationTests, locations = '{}', classes = '{class com.showmetheroute.config.MongoConfiguration}', contextInitializerClasses = '[]', activeProfiles = '{}', contextLoader = 'org.springframework.test.context.support.DelegatingSmartContextLoader', parent = [null]]].
10:00:38.228 [Test worker] DEBUG o.s.b.f.annotation.InjectionMetadata - Processing injected method of bean 'com.showmetheroute.persistence.integration.TrackRepositoryAnalyseWayPointsIntegrationTests': AutowiredFieldElement for com.showmetheroute.persistence.repository.TrackRepository com.showmetheroute.persistence.integration.TrackRepositoryAnalyseWayPointsIntegrationTests.trackRepository
10:00:38.228 [Test worker] DEBUG o.s.b.f.s.DefaultListableBeanFactory - Returning cached instance of singleton bean 'trackRepository'
10:00:38.229 [Test worker] DEBUG o.s.b.f.a.AutowiredAnnotationBeanPostProcessor - Autowiring by type from bean name 'com.showmetheroute.persistence.integration.TrackRepositoryAnalyseWayPointsIntegrationTests' to bean named 'trackRepository'
10:00:38.229 [Test worker] DEBUG o.s.b.f.annotation.InjectionMetadata - Processing injected method of bean 'com.showmetheroute.persistence.integration.TrackRepositoryAnalyseWayPointsIntegrationTests': AutowiredFieldElement for org.springframework.data.mongodb.core.MongoOperations com.showmetheroute.persistence.integration.TrackRepositoryAnalyseWayPointsIntegrationTests.mongo
10:00:38.230 [Test worker] DEBUG o.s.b.f.s.DefaultListableBeanFactory - Returning cached instance of singleton bean 'mongoTemplate'
10:00:38.233 [Test worker] DEBUG o.s.b.f.a.AutowiredAnnotationBeanPostProcessor - Autowiring by type from bean name 'com.showmetheroute.persistence.integration.TrackRepositoryAnalyseWayPointsIntegrationTests' to bean named 'mongoTemplate'
10:00:38.234 [Test worker] DEBUG o.s.data.mongodb.core.MongoDbUtils - Getting Mongo Database name=[showmetheroute]
10:00:38.236 [Test worker] DEBUG o.s.data.mongodb.core.MongoTemplate - Dropped collection [showmetheroute.track]
10:00:38.237 [Test worker] DEBUG o.s.data.mongodb.core.MongoTemplate - Saving DBObject containing fields: [_class, _id, wayPoints]
10:00:38.243 [Test worker] DEBUG o.s.data.mongodb.core.MongoDbUtils - Getting Mongo Database name=[showmetheroute]
10:00:38.247 [Test worker] DEBUG o.s.data.mongodb.core.MongoTemplate - Saving DBObject containing fields: [_class, _id, wayPoints]
10:00:38.250 [Test worker] DEBUG o.s.data.mongodb.core.MongoDbUtils - Getting Mongo Database name=[showmetheroute]
10:00:38.268 [Test worker] DEBUG o.s.data.mongodb.core.MongoTemplate - Saving DBObject containing fields: [_class, _id, wayPoints]
10:00:38.269 [Test worker] DEBUG o.s.data.mongodb.core.MongoDbUtils - Getting Mongo Database name=[showmetheroute]
10:00:38.279 [Test worker] DEBUG o.s.data.mongodb.core.MongoTemplate - Saving DBObject containing fields: [_class, _id, wayPoints]
10:00:38.280 [Test worker] DEBUG o.s.data.mongodb.core.MongoDbUtils - Getting Mongo Database name=[showmetheroute]
10:00:38.282 [Test worker] DEBUG o.s.data.mongodb.core.MongoTemplate - Saving DBObject containing fields: [_class, _id, wayPoints]
10:00:38.282 [Test worker] DEBUG o.s.data.mongodb.core.MongoDbUtils - Getting Mongo Database name=[showmetheroute]
10:00:38.491 [Test worker] DEBUG o.s.data.mongodb.core.MongoDbUtils - Getting Mongo Database name=[showmetheroute]
10:00:38.494 [Test worker] DEBUG o.s.data.mongodb.core.MongoTemplate - Executing MapReduce on collection [track], mapFunction [function() { 
  for (var idx=0; idx < this.wayPoints.length;idx++) { 
    emit( this.wayPoints[idx]._id, 1 );
  } 
}], reduceFunction [function(key, values) { 
  var red = 0; 
  for (var idx = 0; idx < values.length; idx++) {
    red++;
  } 
  return red; 
}]
10:00:38.512 [Test worker] DEBUG o.s.data.mongodb.core.MongoDbUtils - Getting Mongo Database name=[showmetheroute]
10:00:38.527 [Test worker] DEBUG o.s.data.mongodb.core.MongoDbUtils - Getting Mongo Database name=[showmetheroute]
10:00:41.332 [Test worker] DEBUG o.s.data.mongodb.core.MongoTemplate - MapReduce command result = [{ "mapreduce" : "track" , "map" : "function() { \n  for (var idx=0; idx < this.wayPoints.length;idx++) { \n    emit( this.wayPoints[idx]._id, 1 );\n  } \n}" , "reduce" : "function(key, values) { \n  var red = 0; \n  for (var idx = 0; idx < values.length; idx++) {\n    red++;\n  } \n  return red; \n}" , "verbose" : true , "out" : { "inline" : 1}}]
10:00:41.449 [Test worker] DEBUG o.s.d.m.c.i.MongoPersistentEntityIndexCreator - Analyzing class class com.showmetheroute.persistence.repository.TrackRepositoryImpl$WayPointAnalysis for index information.
10:00:41.632 [Test worker] DEBUG o.s.data.mongodb.core.MongoDbUtils - Getting Mongo Database name=[showmetheroute]
10:00:41.639 [Test worker] DEBUG o.s.data.mongodb.core.MongoTemplate - Dropped collection [showmetheroute.track]
10:00:41.641 [Test worker] DEBUG o.s.t.c.s.DirtiesContextTestExecutionListener - After test method: context [DefaultTestContext@16605774 testClass = TrackRepositoryAnalyseWayPointsIntegrationTests, testInstance = com.showmetheroute.persistence.integration.TrackRepositoryAnalyseWayPointsIntegrationTests@f0d8c26, testMethod = thatWayPointsAnalysisWorks@TrackRepositoryAnalyseWayPointsIntegrationTests, testException = [null], mergedContextConfiguration = [MergedContextConfiguration@426c1a82 testClass = TrackRepositoryAnalyseWayPointsIntegrationTests, locations = '{}', classes = '{class com.showmetheroute.config.MongoConfiguration}', contextInitializerClasses = '[]', activeProfiles = '{}', contextLoader = 'org.springframework.test.context.support.DelegatingSmartContextLoader', parent = [null]]], class dirties context [false], class mode [null], method dirties context [false].
10:00:41.644 [Test worker] DEBUG o.s.t.c.s.DirtiesContextTestExecutionListener - After test class: context [DefaultTestContext@16605774 testClass = TrackRepositoryAnalyseWayPointsIntegrationTests, testInstance = [null], testMethod = [null], testException = [null], mergedContextConfiguration = [MergedContextConfiguration@426c1a82 testClass = TrackRepositoryAnalyseWayPointsIntegrationTests, locations = '{}', classes = '{class com.showmetheroute.config.MongoConfiguration}', contextInitializerClasses = '[]', activeProfiles = '{}', contextLoader = 'org.springframework.test.context.support.DelegatingSmartContextLoader', parent = [null]]], dirtiesContext [false].
]]></system-out>
  <system-err><![CDATA[]]></system-err>
</testsuite>
